<?xml version="1.0" encoding="UTF-8"?>
<testsuite xmlns:xsi="http://www.w3.org/2001/XMLSchema-instance" xsi:noNamespaceSchemaLocation="https://maven.apache.org/surefire/maven-surefire-plugin/xsd/surefire-test-report.xsd" name="com.epam.brest.courses.dao.DepartmentJdbcDaoImplTest" time="1.284" tests="5" errors="0" skipped="0" failures="0">
  <properties>
[...]
</properties>
  <testcase name="deleteDepartment" classname="com.epam.brest.courses.dao.DepartmentJdbcDaoImplTest" time="0.065"/>
  <testcase name="getDepartmentById" classname="com.epam.brest.courses.dao.DepartmentJdbcDaoImplTest" time="0.005"/>
  <testcase name="updateDepartment" classname="com.epam.brest.courses.dao.DepartmentJdbcDaoImplTest" time="0.016"/>
  <testcase name="getDepartments" classname="com.epam.brest.courses.dao.DepartmentJdbcDaoImplTest" time="0.003"/>
  <testcase name="addDepartment" classname="com.epam.brest.courses.dao.DepartmentJdbcDaoImplTest" time="0.004"/>
</testsuite>